# JRE version: OpenJDK Runtime Environment (8.0_152-b02) (build 1.8.0_152-release-1024-b02)
# Java VM: OpenJDK 64-Bit Server VM (25.152-b02 mixed mode windows-amd64 compressed oops)
Heap:
 PSYoungGen      total 308224K, used 259742K [0x00000000e0000000, 0x00000000f7300000, 0x0000000100000000)
  eden space 239616K, 99% used [0x00000000e0000000,0x00000000ee969c68,0x00000000eea00000)
  from space 68608K, 30% used [0x00000000f2d80000,0x00000000f41bdf20,0x00000000f7080000)
  to   space 69120K, 24% used [0x00000000eea00000,0x00000000efada840,0x00000000f2d80000)
 ParOldGen       total 306688K, used 127935K [0x00000000a0000000, 0x00000000b2b80000, 0x00000000e0000000)
  object space 306688K, 41% used [0x00000000a0000000,0x00000000a7cefff0,0x00000000b2b80000)
 Metaspace       used 323619K, capacity 333294K, committed 334284K, reserved 1343488K
  class space    used 37241K, capacity 39508K, committed 39680K, reserved 1048576K
GC Heap History (10 events):
Event: 33171.725 GC heap after
Heap after GC invocations=72 (full 6):
 PSYoungGen      total 271872K, used 23145K [0x00000000e0000000, 0x00000000f5e00000, 0x0000000100000000)
  eden space 206336K, 0% used [0x00000000e0000000,0x00000000e0000000,0x00000000ec980000)
  from space 65536K, 35% used [0x00000000f0b80000,0x00000000f221a480,0x00000000f4b80000)
  to   space 67584K, 0% used [0x00000000ec980000,0x00000000ec980000,0x00000000f0b80000)
 ParOldGen       total 306688K, used 121087K [0x00000000a0000000, 0x00000000b2b80000, 0x00000000e0000000)
  object space 306688K, 39% used [0x00000000a0000000,0x00000000a763ff40,0x00000000b2b80000)
 Metaspace       used 323419K, capacity 333068K, committed 334284K, reserved 1343488K
  class space    used 37229K, capacity 39496K, committed 39680K, reserved 1048576K
}
Event: 33178.645 GC heap before
{Heap before GC invocations=73 (full 6):
 PSYoungGen      total 271872K, used 229481K [0x00000000e0000000, 0x00000000f5e00000, 0x0000000100000000)
  eden space 206336K, 100% used [0x00000000e0000000,0x00000000ec980000,0x00000000ec980000)
  from space 65536K, 35% used [0x00000000f0b80000,0x00000000f221a480,0x00000000f4b80000)
  to   space 67584K, 0% used [0x00000000ec980000,0x00000000ec980000,0x00000000f0b80000)
 ParOldGen       total 306688K, used 121087K [0x00000000a0000000, 0x00000000b2b80000, 0x00000000e0000000)
  object space 306688K, 39% used [0x00000000a0000000,0x00000000a763ff40,0x00000000b2b80000)
 Metaspace       used 323505K, capacity 333128K, committed 334284K, reserved 1343488K
  class space    used 37238K, capacity 39506K, committed 39680K, reserved 1048576K
Event: 33178.673 GC heap after
Heap after GC invocations=73 (full 6):
 PSYoungGen      total 273920K, used 22972K [0x00000000e0000000, 0x00000000f5d80000, 0x0000000100000000)
  eden space 206336K, 0% used [0x00000000e0000000,0x00000000e0000000,0x00000000ec980000)
  from space 67584K, 33% used [0x00000000ec980000,0x00000000edfef040,0x00000000f0b80000)
  to   space 68608K, 0% used [0x00000000f1a80000,0x00000000f1a80000,0x00000000f5d80000)
 ParOldGen       total 306688K, used 122235K [0x00000000a0000000, 0x00000000b2b80000, 0x00000000e0000000)
  object space 306688K, 39% used [0x00000000a0000000,0x00000000a775ed60,0x00000000b2b80000)
 Metaspace       used 323505K, capacity 333128K, committed 334284K, reserved 1343488K
  class space    used 37238K, capacity 39506K, committed 39680K, reserved 1048576K
}
Event: 33184.609 GC heap before
{Heap before GC invocations=74 (full 6):
 PSYoungGen      total 273920K, used 229308K [0x00000000e0000000, 0x00000000f5d80000, 0x0000000100000000)
  eden space 206336K, 100% used [0x00000000e0000000,0x00000000ec980000,0x00000000ec980000)
  from space 67584K, 33% used [0x00000000ec980000,0x00000000edfef040,0x00000000f0b80000)
  to   space 68608K, 0% used [0x00000000f1a80000,0x00000000f1a80000,0x00000000f5d80000)
 ParOldGen       total 306688K, used 122235K [0x00000000a0000000, 0x00000000b2b80000, 0x00000000e0000000)
  object space 306688K, 39% used [0x00000000a0000000,0x00000000a775ed60,0x00000000b2b80000)
 Metaspace       used 323548K, capacity 333214K, committed 334284K, reserved 1343488K
  class space    used 37239K, capacity 39508K, committed 39680K, reserved 1048576K
Event: 33184.638 GC heap after
Heap after GC invocations=74 (full 6):
 PSYoungGen      total 288768K, used 22980K [0x00000000e0000000, 0x00000000f5e80000, 0x0000000100000000)
  eden space 220160K, 0% used [0x00000000e0000000,0x00000000e0000000,0x00000000ed700000)
  from space 68608K, 33% used [0x00000000f1a80000,0x00000000f30f1290,0x00000000f5d80000)
  to   space 69120K, 0% used [0x00000000ed700000,0x00000000ed700000,0x00000000f1a80000)
 ParOldGen       total 306688K, used 124453K [0x00000000a0000000, 0x00000000b2b80000, 0x00000000e0000000)
  object space 306688K, 40% used [0x00000000a0000000,0x00000000a7989590,0x00000000b2b80000)
 Metaspace       used 323548K, capacity 333214K, committed 334284K, reserved 1343488K
  class space    used 37239K, capacity 39508K, committed 39680K, reserved 1048576K
}
Event: 33187.719 GC heap before
{Heap before GC invocations=75 (full 6):
 PSYoungGen      total 288768K, used 243140K [0x00000000e0000000, 0x00000000f5e80000, 0x0000000100000000)
  eden space 220160K, 100% used [0x00000000e0000000,0x00000000ed700000,0x00000000ed700000)
  from space 68608K, 33% used [0x00000000f1a80000,0x00000000f30f1290,0x00000000f5d80000)
  to   space 69120K, 0% used [0x00000000ed700000,0x00000000ed700000,0x00000000f1a80000)
 ParOldGen       total 306688K, used 124453K [0x00000000a0000000, 0x00000000b2b80000, 0x00000000e0000000)
  object space 306688K, 40% used [0x00000000a0000000,0x00000000a7989590,0x00000000b2b80000)
 Metaspace       used 323578K, capacity 333214K, committed 334284K, reserved 1343488K
  class space    used 37241K, capacity 39508K, committed 39680K, reserved 1048576K
Event: 33187.769 GC heap after
Heap after GC invocations=75 (full 6):
 PSYoungGen      total 289280K, used 45320K [0x00000000e0000000, 0x00000000f7080000, 0x0000000100000000)
  eden space 220160K, 0% used [0x00000000e0000000,0x00000000e0000000,0x00000000ed700000)
  from space 69120K, 65% used [0x00000000ed700000,0x00000000f0342170,0x00000000f1a80000)
  to   space 68608K, 0% used [0x00000000f2d80000,0x00000000f2d80000,0x00000000f7080000)
 ParOldGen       total 306688K, used 125616K [0x00000000a0000000, 0x00000000b2b80000, 0x00000000e0000000)
  object space 306688K, 40% used [0x00000000a0000000,0x00000000a7aac3b0,0x00000000b2b80000)
 Metaspace       used 323578K, capacity 333214K, committed 334284K, reserved 1343488K
  class space    used 37241K, capacity 39508K, committed 39680K, reserved 1048576K
}
Event: 33190.626 GC heap before
{Heap before GC invocations=76 (full 6):
 PSYoungGen      total 289280K, used 265110K [0x00000000e0000000, 0x00000000f7080000, 0x0000000100000000)
  eden space 220160K, 99% used [0x00000000e0000000,0x00000000ed6a3800,0x00000000ed700000)
  from space 69120K, 65% used [0x00000000ed700000,0x00000000f0342170,0x00000000f1a80000)
  to   space 68608K, 0% used [0x00000000f2d80000,0x00000000f2d80000,0x00000000f7080000)
 ParOldGen       total 306688K, used 125616K [0x00000000a0000000, 0x00000000b2b80000, 0x00000000e0000000)
  object space 306688K, 40% used [0x00000000a0000000,0x00000000a7aac3b0,0x00000000b2b80000)
 Metaspace       used 323593K, capacity 333218K, committed 334284K, reserved 1343488K
  class space    used 37241K, capacity 39508K, committed 39680K, reserved 1048576K
Event: 33190.661 GC heap after
Heap after GC invocations=76 (full 6):
 PSYoungGen      total 308224K, used 20727K [0x00000000e0000000, 0x00000000f7300000, 0x0000000100000000)
  eden space 239616K, 0% used [0x00000000e0000000,0x00000000e0000000,0x00000000eea00000)
  from space 68608K, 30% used [0x00000000f2d80000,0x00000000f41bdf20,0x00000000f7080000)
  to   space 69120K, 0% used [0x00000000eea00000,0x00000000eea00000,0x00000000f2d80000)
 ParOldGen       total 306688K, used 126772K [0x00000000a0000000, 0x00000000b2b80000, 0x00000000e0000000)
  object space 306688K, 41% used [0x00000000a0000000,0x00000000a7bcd1d0,0x00000000b2b80000)
 Metaspace       used 323593K, capacity 333218K, committed 334284K, reserved 1343488K
  class space    used 37241K, capacity 39508K, committed 39680K, reserved 1048576K
}
Event: 33192.077 GC heap before
{Heap before GC invocations=77 (full 6):
 PSYoungGen      total 308224K, used 259742K [0x00000000e0000000, 0x00000000f7300000, 0x0000000100000000)
  eden space 239616K, 99% used [0x00000000e0000000,0x00000000ee969c68,0x00000000eea00000)
  from space 68608K, 30% used [0x00000000f2d80000,0x00000000f41bdf20,0x00000000f7080000)
  to   space 69120K, 0% used [0x00000000eea00000,0x00000000eea00000,0x00000000f2d80000)
 ParOldGen       total 306688K, used 126772K [0x00000000a0000000, 0x00000000b2b80000, 0x00000000e0000000)
  object space 306688K, 41% used [0x00000000a0000000,0x00000000a7bcd1d0,0x00000000b2b80000)
 Metaspace       used 323619K, capacity 333294K, committed 334284K, reserved 1343488K
  class space    used 37241K, capacity 39508K, committed 39680K, reserved 1048576K

