# JRE version: OpenJDK Runtime Environment (8.0_152-b02) (build 1.8.0_152-release-1024-b02)
# Java VM: OpenJDK 64-Bit Server VM (25.152-b02 mixed mode windows-amd64 compressed oops)
Heap:
 PSYoungGen      total 388096K, used 22069K [0x00000000e0000000, 0x00000000fa080000, 0x0000000100000000)
  eden space 354816K, 0% used [0x00000000e0000000,0x00000000e0000000,0x00000000f5a80000)
  from space 33280K, 66% used [0x00000000f8000000,0x00000000f958d510,0x00000000fa080000)
  to   space 35840K, 0% used [0x00000000f5a80000,0x00000000f5a80000,0x00000000f7d80000)
 ParOldGen       total 145408K, used 73096K [0x00000000a0000000, 0x00000000a8e00000, 0x00000000e0000000)
  object space 145408K, 50% used [0x00000000a0000000,0x00000000a4762180,0x00000000a8e00000)
 Metaspace       used 94163K, capacity 98310K, committed 98348K, reserved 1134592K
  class space    used 12344K, capacity 13276K, committed 13312K, reserved 1048576K
GC Heap History (10 events):
Event: 16.664 GC heap after
Heap after GC invocations=13 (full 2):
 PSYoungGen      total 211456K, used 9798K [0x00000000e0000000, 0x00000000f3c80000, 0x0000000100000000)
  eden space 184832K, 0% used [0x00000000e0000000,0x00000000e0000000,0x00000000eb480000)
  from space 26624K, 36% used [0x00000000eb480000,0x00000000ebe11a68,0x00000000ece80000)
  to   space 25600K, 0% used [0x00000000f2380000,0x00000000f2380000,0x00000000f3c80000)
 ParOldGen       total 101376K, used 49113K [0x00000000a0000000, 0x00000000a6300000, 0x00000000e0000000)
  object space 101376K, 48% used [0x00000000a0000000,0x00000000a2ff6768,0x00000000a6300000)
 Metaspace       used 56957K, capacity 58966K, committed 59008K, reserved 1099776K
  class space    used 7803K, capacity 8312K, committed 8320K, reserved 1048576K
}
Event: 16.664 GC heap before
{Heap before GC invocations=14 (full 3):
 PSYoungGen      total 211456K, used 9798K [0x00000000e0000000, 0x00000000f3c80000, 0x0000000100000000)
  eden space 184832K, 0% used [0x00000000e0000000,0x00000000e0000000,0x00000000eb480000)
  from space 26624K, 36% used [0x00000000eb480000,0x00000000ebe11a68,0x00000000ece80000)
  to   space 25600K, 0% used [0x00000000f2380000,0x00000000f2380000,0x00000000f3c80000)
 ParOldGen       total 101376K, used 49113K [0x00000000a0000000, 0x00000000a6300000, 0x00000000e0000000)
  object space 101376K, 48% used [0x00000000a0000000,0x00000000a2ff6768,0x00000000a6300000)
 Metaspace       used 56957K, capacity 58966K, committed 59008K, reserved 1099776K
  class space    used 7803K, capacity 8312K, committed 8320K, reserved 1048576K
Event: 16.923 GC heap after
Heap after GC invocations=14 (full 3):
 PSYoungGen      total 211456K, used 0K [0x00000000e0000000, 0x00000000f3c80000, 0x0000000100000000)
  eden space 184832K, 0% used [0x00000000e0000000,0x00000000e0000000,0x00000000eb480000)
  from space 26624K, 0% used [0x00000000eb480000,0x00000000eb480000,0x00000000ece80000)
  to   space 25600K, 0% used [0x00000000f2380000,0x00000000f2380000,0x00000000f3c80000)
 ParOldGen       total 145408K, used 46108K [0x00000000a0000000, 0x00000000a8e00000, 0x00000000e0000000)
  object space 145408K, 31% used [0x00000000a0000000,0x00000000a2d070c0,0x00000000a8e00000)
 Metaspace       used 56957K, capacity 58966K, committed 59008K, reserved 1099776K
  class space    used 7803K, capacity 8312K, committed 8320K, reserved 1048576K
}
Event: 3384.218 GC heap before
{Heap before GC invocations=15 (full 3):
 PSYoungGen      total 211456K, used 184832K [0x00000000e0000000, 0x00000000f3c80000, 0x0000000100000000)
  eden space 184832K, 100% used [0x00000000e0000000,0x00000000eb480000,0x00000000eb480000)
  from space 26624K, 0% used [0x00000000eb480000,0x00000000eb480000,0x00000000ece80000)
  to   space 25600K, 0% used [0x00000000f2380000,0x00000000f2380000,0x00000000f3c80000)
 ParOldGen       total 145408K, used 46108K [0x00000000a0000000, 0x00000000a8e00000, 0x00000000e0000000)
  object space 145408K, 31% used [0x00000000a0000000,0x00000000a2d070c0,0x00000000a8e00000)
 Metaspace       used 66682K, capacity 69232K, committed 69504K, reserved 1110016K
  class space    used 8863K, capacity 9495K, committed 9600K, reserved 1048576K
Event: 3384.303 GC heap after
Heap after GC invocations=15 (full 3):
 PSYoungGen      total 276992K, used 16985K [0x00000000e0000000, 0x00000000f3480000, 0x0000000100000000)
  eden space 259584K, 0% used [0x00000000e0000000,0x00000000e0000000,0x00000000efd80000)
  from space 17408K, 97% used [0x00000000f2380000,0x00000000f3416790,0x00000000f3480000)
  to   space 26112K, 0% used [0x00000000f0180000,0x00000000f0180000,0x00000000f1b00000)
 ParOldGen       total 145408K, used 46116K [0x00000000a0000000, 0x00000000a8e00000, 0x00000000e0000000)
  object space 145408K, 31% used [0x00000000a0000000,0x00000000a2d090c0,0x00000000a8e00000)
 Metaspace       used 66682K, capacity 69232K, committed 69504K, reserved 1110016K
  class space    used 8863K, capacity 9495K, committed 9600K, reserved 1048576K
}
Event: 3392.222 GC heap before
{Heap before GC invocations=16 (full 3):
 PSYoungGen      total 276992K, used 276569K [0x00000000e0000000, 0x00000000f3480000, 0x0000000100000000)
  eden space 259584K, 100% used [0x00000000e0000000,0x00000000efd80000,0x00000000efd80000)
  from space 17408K, 97% used [0x00000000f2380000,0x00000000f3416790,0x00000000f3480000)
  to   space 26112K, 0% used [0x00000000f0180000,0x00000000f0180000,0x00000000f1b00000)
 ParOldGen       total 145408K, used 46116K [0x00000000a0000000, 0x00000000a8e00000, 0x00000000e0000000)
  object space 145408K, 31% used [0x00000000a0000000,0x00000000a2d090c0,0x00000000a8e00000)
 Metaspace       used 78382K, capacity 81622K, committed 81664K, reserved 1120256K
  class space    used 10463K, capacity 11246K, committed 11264K, reserved 1048576K
Event: 3392.324 GC heap after
Heap after GC invocations=16 (full 3):
 PSYoungGen      total 289792K, used 26093K [0x00000000e0000000, 0x00000000fa280000, 0x0000000100000000)
  eden space 263680K, 0% used [0x00000000e0000000,0x00000000e0000000,0x00000000f0180000)
  from space 26112K, 99% used [0x00000000f0180000,0x00000000f1afb4b0,0x00000000f1b00000)
  to   space 35328K, 0% used [0x00000000f8000000,0x00000000f8000000,0x00000000fa280000)
 ParOldGen       total 145408K, used 60753K [0x00000000a0000000, 0x00000000a8e00000, 0x00000000e0000000)
  object space 145408K, 41% used [0x00000000a0000000,0x00000000a3b54748,0x00000000a8e00000)
 Metaspace       used 78382K, capacity 81622K, committed 81664K, reserved 1120256K
  class space    used 10463K, capacity 11246K, committed 11264K, reserved 1048576K
}
Event: 3400.756 GC heap before
{Heap before GC invocations=17 (full 3):
 PSYoungGen      total 289792K, used 267322K [0x00000000e0000000, 0x00000000fa280000, 0x0000000100000000)
  eden space 263680K, 91% used [0x00000000e0000000,0x00000000eeb93688,0x00000000f0180000)
  from space 26112K, 99% used [0x00000000f0180000,0x00000000f1afb4b0,0x00000000f1b00000)
  to   space 35328K, 0% used [0x00000000f8000000,0x00000000f8000000,0x00000000fa280000)
 ParOldGen       total 145408K, used 60753K [0x00000000a0000000, 0x00000000a8e00000, 0x00000000e0000000)
  object space 145408K, 41% used [0x00000000a0000000,0x00000000a3b54748,0x00000000a8e00000)
 Metaspace       used 94163K, capacity 98310K, committed 98348K, reserved 1134592K
  class space    used 12344K, capacity 13276K, committed 13312K, reserved 1048576K
Event: 3400.827 GC heap after
Heap after GC invocations=17 (full 3):
 PSYoungGen      total 388096K, used 22069K [0x00000000e0000000, 0x00000000fa080000, 0x0000000100000000)
  eden space 354816K, 0% used [0x00000000e0000000,0x00000000e0000000,0x00000000f5a80000)
  from space 33280K, 66% used [0x00000000f8000000,0x00000000f958d510,0x00000000fa080000)
  to   space 35840K, 0% used [0x00000000f5a80000,0x00000000f5a80000,0x00000000f7d80000)
 ParOldGen       total 145408K, used 73096K [0x00000000a0000000, 0x00000000a8e00000, 0x00000000e0000000)
  object space 145408K, 50% used [0x00000000a0000000,0x00000000a4762180,0x00000000a8e00000)
 Metaspace       used 94163K, capacity 98310K, committed 98348K, reserved 1134592K
  class space    used 12344K, capacity 13276K, committed 13312K, reserved 1048576K
}
Event: 3400.827 GC heap before
{Heap before GC invocations=18 (full 4):
 PSYoungGen      total 388096K, used 22069K [0x00000000e0000000, 0x00000000fa080000, 0x0000000100000000)
  eden space 354816K, 0% used [0x00000000e0000000,0x00000000e0000000,0x00000000f5a80000)
  from space 33280K, 66% used [0x00000000f8000000,0x00000000f958d510,0x00000000fa080000)
  to   space 35840K, 0% used [0x00000000f5a80000,0x00000000f5a80000,0x00000000f7d80000)
 ParOldGen       total 145408K, used 73096K [0x00000000a0000000, 0x00000000a8e00000, 0x00000000e0000000)
  object space 145408K, 50% used [0x00000000a0000000,0x00000000a4762180,0x00000000a8e00000)
 Metaspace       used 94163K, capacity 98310K, committed 98348K, reserved 1134592K
  class space    used 12344K, capacity 13276K, committed 13312K, reserved 1048576K

